#
# A fatal error has been detected by the Java Runtime Environment:
#
#  SIGSEGV (0xb) at pc=0x00007fff875ef0dd, pid=6705, tid=1811
#
# JRE version: Java(TM) SE Runtime Environment (7.0_51-b13) (build 1.7.0_51-b13)
# Java VM: Java HotSpot(TM) 64-Bit Server VM (24.51-b03 mixed mode bsd-amd64 compressed oops)
# Problematic frame:
# C  [libobjc.A.dylib+0x10dd]  objc_msgSend+0x1d
#
# Failed to write core dump. Core dumps have been disabled. To enable core dumping, try "ulimit -c unlimited" before starting Java again
#
# If you would like to submit a bug report, please visit:
#   http://bugreport.sun.com/bugreport/crash.jsp
# The crash happened outside the Java Virtual Machine in native code.
# See problematic frame for where to report the bug.
#

---------------  T H R E A D  ---------------

Current thread (0x00007fe123020000):  JavaThread "AppKit Thread" daemon [_thread_in_native, id=1811, stack(0x00007fff5d59d000,0x00007fff5d61d000)]

siginfo:si_signo=SIGSEGV: si_errno=0, si_code=1 (SEGV_MAPERR), si_addr=0x0000000000000018

Registers:
RAX=0x00007fe12144e370, RBX=0x00007fff5d618808, RCX=0x0000000000000000, RDX=0x00007fe1216c7fd0
RSP=0x00007fff5d618628, RBP=0x00007fff5d618630, RSI=0x00007fff8ac3aa69, RDI=0x00007fe12144e370
R8 =0x00007fff5d618610, R9 =0x0000000000000055, R10=0x00007fff8ac3aa69, R11=0x0000000000000000
R12=0x00007fe1215091b0, R13=0x00000000000f42ec, R14=0x00007fe1216a8090, R15=0x00007fff5d618768
RIP=0x00007fff875ef0dd, EFLAGS=0x0000000000010246, ERR=0x0000000000000004
  TRAPNO=0x000000000000000e

Top of Stack: (sp=0x00007fff5d618628)
0x00007fff5d618628:   00007fff91077cdc 00007fff5d618990
0x00007fff5d618638:   00007fff90f69244 00007fff5d6186bc
0x00007fff5d618648:   00007fff5d6186c0 00007fff5d6186c4
0x00007fff5d618658:   00007fff73d31c88 ffffffffffffffff
0x00007fff5d618668:   00000000000007f8 00007fff73d31ca0
0x00007fff5d618678:   00007fe1216a8090 0000000000000000
0x00007fff5d618688:   00007fff5d618760 0000000000000000
0x00007fff5d618698:   00007fe121452630 00007fff5d6187e0
0x00007fff5d6186a8:   0000000000000055 00000000000f42ee
0x00007fff5d6186b8:   00007fe1216c7fd0 00007fe121452060
0x00007fff5d6186c8:   00007fe1215091b0 0000000000000001
0x00007fff5d6186d8:   00000000000f42ec 00007fe1215091a0
0x00007fff5d6186e8:   00007fff88070899 0000000121734540
0x00007fff5d6186f8:   00007fff739ef0d0 0000000042000000
0x00007fff5d618708:   00007fff88078e33 00007fff73cfc1d0
0x00007fff5d618718:   00007fff5d6187e8 00007fff5d618740
0x00007fff5d618728:   00007fff5d618760 0000000000000000
0x00007fff5d618738:   000000000000001f 00018c0300000001
0x00007fff5d618748:   00007fe1215091d4 0000000000000000
0x00007fff5d618758:   0000000000000000 00007fe1214526b0
0x00007fff5d618768:   00007fe1216a8090 0000002000000000
0x00007fff5d618778:   0000000000000000 00007fff739ef0d0
0x00007fff5d618788:   0000000042000000 00007fff881b110f
0x00007fff5d618798:   00007fff73cfc2e0 00007fff5d6186f8
0x00007fff5d6187a8:   0000000000000000 00007fff5d618878
0x00007fff5d6187b8:   00007fff742e45b0 00007fff5d6188b0
0x00007fff5d6187c8:   00007fff872fbedc 00007fff5d618860
0x00007fff5d6187d8:   00007fff8a713253 0000000000000051
0x00007fff5d6187e8:   0000000000000000 00000000000f42e0
0x00007fff5d6187f8:   0000000000000053 0000000000000000
0x00007fff5d618808:   00000000000f42ec 00007fff5d618884
0x00007fff5d618818:   00000000003bf601 00000000ffffffff 

Instructions: (pc=0x00007fff875ef0dd)
0x00007fff875ef0bd:   00 00 00 48 85 ff 2e 74 7a 40 f6 c7 01 2e 75 7e
0x00007fff875ef0cd:   49 bb f8 ff ff ff ff 7f 00 00 4c 23 1f 49 89 f2
0x00007fff875ef0dd:   45 23 53 18 49 c1 e2 04 4d 03 53 10 49 3b 32 75
0x00007fff875ef0ed:   04 41 ff 62 08 49 83 3a 00 74 6a 4d 3b 53 10 74 

Register to memory mapping:

RAX=0x00007fe12144e370 is an unknown value
RBX=0x00007fff5d618808 is pointing into the stack for thread: 0x00007fe123020000
RCX=0x0000000000000000 is an unknown value
RDX=0x00007fe1216c7fd0 is an unknown value
RSP=0x00007fff5d618628 is pointing into the stack for thread: 0x00007fe123020000
RBP=0x00007fff5d618630 is pointing into the stack for thread: 0x00007fe123020000
RSI=0x00007fff8ac3aa69: -[NSTitlebarContainerView shouldRoundCorners]+0x5ccab in /System/Library/Frameworks/AppKit.framework/Versions/C/AppKit at 0x00007fff8a26c000
RDI=0x00007fe12144e370 is an unknown value
R8 =0x00007fff5d618610 is pointing into the stack for thread: 0x00007fe123020000
R9 =0x0000000000000055 is an unknown value
R10=0x00007fff8ac3aa69: -[NSTitlebarContainerView shouldRoundCorners]+0x5ccab in /System/Library/Frameworks/AppKit.framework/Versions/C/AppKit at 0x00007fff8a26c000
R11=0x0000000000000000 is an unknown value
R12=0x00007fe1215091b0 is an unknown value
R13=0x00000000000f42ec is an unknown value
R14=0x00007fe1216a8090 is an unknown value
R15=0x00007fff5d618768 is pointing into the stack for thread: 0x00007fe123020000


Stack: [0x00007fff5d59d000,0x00007fff5d61d000],  sp=0x00007fff5d618628,  free space=493k
Native frames: (J=compiled Java code, j=interpreted, Vv=VM code, C=native code)
C  [libobjc.A.dylib+0x10dd]  objc_msgSend+0x1d
C  [CoreFoundation+0x10244]  _CFXNotificationPost+0xc44
C  [Foundation+0x2c31]  -[NSNotificationCenter postNotificationName:object:userInfo:]+0x42
C  [AppKit+0xddf66]  -[NSSurface _disposeSurface]+0x98
C  [AppKit+0xdd9ca]  -[NSSurface setWindow:]+0x42
C  [AppKit+0x3c1f5]  -[NSView _setWindow:]+0xa18
C  [AppKit+0x3d432]  -[NSView removeFromSuperview]+0x1c5
C  [AppKit+0x91bfa]  -[NSView removeFromSuperviewWithoutNeedingDisplay]+0x26
C  [liblwjgl.jnilib+0x9c3e]  +[MacOSXKeyableWindow destroyWindow]+0xde
C  [Foundation+0x65cdc]  __NSThreadPerformPerform+0x125
C  [CoreFoundation+0x80681]  __CFRUNLOOP_IS_CALLING_OUT_TO_A_SOURCE0_PERFORM_FUNCTION__+0x11
C  [CoreFoundation+0x7280d]  __CFRunLoopDoSources0+0x10d
C  [CoreFoundation+0x71e3f]  __CFRunLoopRun+0x39f
C  [CoreFoundation+0x71858]  CFRunLoopRunSpecific+0x128
C  [HIToolbox+0x2ebcf]  RunCurrentEventLoopInMode+0xeb
C  [HIToolbox+0x2e84e]  ReceiveNextEventCommon+0xb3
C  [HIToolbox+0x2e78b]  _BlockUntilNextEventMatchingListInModeWithFilter+0x47
C  [AppKit+0x247b1]  _DPSNextEvent+0x3c4
C  [AppKit+0x23f60]  -[NSApplication nextEventMatchingMask:untilDate:inMode:dequeue:]+0xc2
C  [libosxapp.dylib+0x16f4]  -[NSApplicationAWT nextEventMatchingMask:untilDate:inMode:dequeue:]+0x7c
C  [AppKit+0x17db3]  -[NSApplication run]+0x252
C  [libosxapp.dylib+0x1557]  +[NSApplicationAWT runAWTLoopWithApp:]+0x9c
C  [liblwawt.dylib+0xdba9]  -[AWTStarter starter:]+0x369
C  [Foundation+0x65cdc]  __NSThreadPerformPerform+0x125
C  [CoreFoundation+0x80681]  __CFRUNLOOP_IS_CALLING_OUT_TO_A_SOURCE0_PERFORM_FUNCTION__+0x11
C  [CoreFoundation+0x7280d]  __CFRunLoopDoSources0+0x10d
C  [CoreFoundation+0x71e3f]  __CFRunLoopRun+0x39f
C  [CoreFoundation+0x71858]  CFRunLoopRunSpecific+0x128
C  [java+0x73b0]  CreateExecutionEnvironment+0x367
C  [java+0x1b5c]  JLI_Launch+0x7a0
C  [java+0x770d]  main+0x65
C  [java+0x13b4]  start+0x34


---------------  P R O C E S S  ---------------

Java Threads: ( => current thread )
  0x00007fe12285c800 JavaThread "AWT-Shutdown" [_thread_blocked, id=28423, stack(0x00000001105a1000,0x00000001106a1000)]
=>0x00007fe123020000 JavaThread "AppKit Thread" daemon [_thread_in_native, id=1811, stack(0x00007fff5d59d000,0x00007fff5d61d000)]
  0x00007fe122007800 JavaThread "Service Thread" daemon [_thread_blocked, id=17411, stack(0x000000010edd4000,0x000000010eed4000)]
  0x00007fe122007000 JavaThread "C2 CompilerThread1" daemon [_thread_blocked, id=16899, stack(0x000000010ecd1000,0x000000010edd1000)]
  0x00007fe122000800 JavaThread "C2 CompilerThread0" daemon [_thread_blocked, id=16387, stack(0x000000010ebce000,0x000000010ecce000)]
  0x00007fe121829800 JavaThread "Signal Dispatcher" daemon [_thread_blocked, id=12307, stack(0x000000010eacb000,0x000000010ebcb000)]
  0x00007fe123002000 JavaThread "Finalizer" daemon [_thread_blocked, id=11523, stack(0x000000010d20b000,0x000000010d30b000)]
  0x00007fe12181c000 JavaThread "Reference Handler" daemon [_thread_blocked, id=11011, stack(0x000000010d108000,0x000000010d208000)]
  0x00007fe122803000 JavaThread "main" [_thread_in_native, id=4867, stack(0x00000001026f9000,0x00000001027f9000)]

Other Threads:
  0x00007fe12181b800 VMThread [stack: 0x000000010d005000,0x000000010d105000] [id=10499]
  0x00007fe122018800 WatcherThread [stack: 0x000000010eed7000,0x000000010efd7000] [id=17923]

VM state:not at safepoint (normal execution)

VM Mutex/Monitor currently owned by a thread: None

Heap
 PSYoungGen      total 38912K, used 16856K [0x00000007d5500000, 0x00000007d8000000, 0x0000000800000000)
  eden space 33792K, 44% used [0x00000007d5500000,0x00000007d63ad000,0x00000007d7600000)
  from space 5120K, 35% used [0x00000007d7600000,0x00000007d77c9300,0x00000007d7b00000)
  to   space 5120K, 0% used [0x00000007d7b00000,0x00000007d7b00000,0x00000007d8000000)
 ParOldGen       total 87040K, used 8K [0x0000000780000000, 0x0000000785500000, 0x00000007d5500000)
  object space 87040K, 0% used [0x0000000780000000,0x0000000780002000,0x0000000785500000)
 PSPermGen       total 21504K, used 4889K [0x000000077ae00000, 0x000000077c300000, 0x0000000780000000)
  object space 21504K, 22% used [0x000000077ae00000,0x000000077b2c6788,0x000000077c300000)

Card table byte_map: [0x0000000106b61000,0x0000000106f8b000] byte_map_base: 0x0000000102f8a000

Polling page: 0x00000001027fb000

Code Cache  [0x0000000103aa1000, 0x0000000103d11000, 0x0000000106aa1000)
 total_blobs=362 nmethods=56 adapters=261 free_code_cache=48638Kb largest_free_block=49781504

Compilation events (10 events):
Event: 1.452 Thread 0x00007fe122007000 nmethod 49 0x0000000103b21b90 code [0x0000000103b21cc0, 0x0000000103b21d38]
Event: 1.452 Thread 0x00007fe122007000   52             org.lwjgl.Sys::getTimerResolution (9 bytes)
Event: 1.452 Thread 0x00007fe122000800 nmethod 51 0x0000000103b18f50 code [0x0000000103b19080, 0x0000000103b190f8]
Event: 1.452 Thread 0x00007fe122000800   53             org.lwjgl.DefaultSysImplementation::getTimerResolution (4 bytes)
Event: 1.452 Thread 0x00007fe122007000 nmethod 52 0x0000000103b13c50 code [0x0000000103b13d80, 0x0000000103b13db8]
Event: 1.452 Thread 0x00007fe122000800 nmethod 53 0x0000000103b18d50 code [0x0000000103b18e80, 0x0000000103b18ed8]
Event: 1.465 Thread 0x00007fe122007000   54             org.lwjgl.opengl.Sync$RunningAvg::add (38 bytes)
Event: 1.466 Thread 0x00007fe122007000 nmethod 54 0x0000000103b18a10 code [0x0000000103b18b60, 0x0000000103b18c58]
Event: 1.481 Thread 0x00007fe122000800   56   !         org.lwjgl.opengl.Sync::sync (125 bytes)
Event: 1.494 Thread 0x00007fe122000800 nmethod 56 0x0000000103b26310 code [0x0000000103b26500, 0x0000000103b26e50]

GC Heap History (2 events):
Event: 2.166 GC heap before
{Heap before GC invocations=1 (full 0):
 PSYoungGen      total 38912K, used 33792K [0x00000007d5500000, 0x00000007d8000000, 0x0000000800000000)
  eden space 33792K, 100% used [0x00000007d5500000,0x00000007d7600000,0x00000007d7600000)
  from space 5120K, 0% used [0x00000007d7b00000,0x00000007d7b00000,0x00000007d8000000)
  to   space 5120K, 0% used [0x00000007d7600000,0x00000007d7600000,0x00000007d7b00000)
 ParOldGen       total 87040K, used 0K [0x0000000780000000, 0x0000000785500000, 0x00000007d5500000)
  object space 87040K, 0% used [0x0000000780000000,0x0000000780000000,0x0000000785500000)
 PSPermGen       total 21504K, used 4884K [0x000000077ae00000, 0x000000077c300000, 0x0000000780000000)
  object space 21504K, 22% used [0x000000077ae00000,0x000000077b2c51a0,0x000000077c300000)
Event: 2.171 GC heap after
Heap after GC invocations=1 (full 0):
 PSYoungGen      total 38912K, used 1828K [0x00000007d5500000, 0x00000007d8000000, 0x0000000800000000)
  eden space 33792K, 0% used [0x00000007d5500000,0x00000007d5500000,0x00000007d7600000)
  from space 5120K, 35% used [0x00000007d7600000,0x00000007d77c9300,0x00000007d7b00000)
  to   space 5120K, 0% used [0x00000007d7b00000,0x00000007d7b00000,0x00000007d8000000)
 ParOldGen       total 87040K, used 8K [0x0000000780000000, 0x0000000785500000, 0x00000007d5500000)
  object space 87040K, 0% used [0x0000000780000000,0x0000000780002000,0x0000000785500000)
 PSPermGen       total 21504K, used 4884K [0x000000077ae00000, 0x000000077c300000, 0x0000000780000000)
  object space 21504K, 22% used [0x000000077ae00000,0x000000077b2c51a0,0x000000077c300000)
}

Deoptimization events (0 events):
No events

Internal exceptions (10 events):
Event: 0.640 Thread 0x00007fe122803000 Threw 0x00000007d5983600 at /HUDSON/workspace/7u-2-build-macosx-x86_64/jdk7u51/527/hotspot/src/share/vm/prims/jvm.cpp:1244
Event: 0.653 Thread 0x00007fe122803000 Threw 0x00000007d59aaca0 at /HUDSON/workspace/7u-2-build-macosx-x86_64/jdk7u51/527/hotspot/src/share/vm/prims/jvm.cpp:1244
Event: 0.655 Thread 0x00007fe122803000 Threw 0x00000007d59b6348 at /HUDSON/workspace/7u-2-build-macosx-x86_64/jdk7u51/527/hotspot/src/share/vm/prims/jvm.cpp:1244
Event: 0.655 Thread 0x00007fe122803000 Threw 0x00000007d59b91e8 at /HUDSON/workspace/7u-2-build-macosx-x86_64/jdk7u51/527/hotspot/src/share/vm/prims/jvm.cpp:1244
Event: 0.656 Thread 0x00007fe122803000 Threw 0x00000007d5a1f9e0 at /HUDSON/workspace/7u-2-build-macosx-x86_64/jdk7u51/527/hotspot/src/share/vm/prims/jvm.cpp:1244
Event: 0.657 Thread 0x00007fe122803000 Threw 0x00000007d5a27610 at /HUDSON/workspace/7u-2-build-macosx-x86_64/jdk7u51/527/hotspot/src/share/vm/prims/jvm.cpp:1244
Event: 0.657 Thread 0x00007fe122803000 Threw 0x00000007d5a29ca8 at /HUDSON/workspace/7u-2-build-macosx-x86_64/jdk7u51/527/hotspot/src/share/vm/prims/jvm.cpp:1244
Event: 0.665 Thread 0x00007fe122803000 Threw 0x00000007d5a2e100 at /HUDSON/workspace/7u-2-build-macosx-x86_64/jdk7u51/527/hotspot/src/share/vm/prims/jvm.cpp:1244
Event: 0.666 Thread 0x00007fe122803000 Threw 0x00000007d5a31c98 at /HUDSON/workspace/7u-2-build-macosx-x86_64/jdk7u51/527/hotspot/src/share/vm/prims/jvm.cpp:1244
Event: 2.907 Thread 0x00007fe122803000 Threw 0x00000007d631edb0 at /HUDSON/workspace/7u-2-build-macosx-x86_64/jdk7u51/527/hotspot/src/share/vm/prims/jvm.cpp:1244

Events (10 events):
Event: 0.657 loading class 0x00007fe12162dde0
Event: 0.657 loading class 0x00007fe12162dde0 done
Event: 0.665 loading class 0x00007fe12170c260
Event: 0.665 loading class 0x00007fe12170c260 done
Event: 0.666 loading class 0x00007fe12172bfe0
Event: 0.666 loading class 0x00007fe12172bfe0 done
Event: 2.166 Executing VM operation: ParallelGCFailedAllocation
Event: 2.171 Executing VM operation: ParallelGCFailedAllocation done
Event: 2.907 loading class 0x00007fe12144fb40
Event: 2.907 loading class 0x00007fe12144fb40 done


Dynamic libraries:
0x0000000003347000 	/System/Library/Frameworks/Cocoa.framework/Versions/A/Cocoa
0x0000000003347000 	/System/Library/Frameworks/Security.framework/Versions/A/Security
0x0000000003347000 	/System/Library/Frameworks/ApplicationServices.framework/Versions/A/ApplicationServices
0x0000000003347000 	/usr/lib/libz.1.dylib
0x0000000003347000 	/usr/lib/libSystem.B.dylib
0x0000000003347000 	/usr/lib/libobjc.A.dylib
0x0000000003347000 	/System/Library/Frameworks/CoreFoundation.framework/Versions/A/CoreFoundation
0x0000000003347000 	/System/Library/Frameworks/Foundation.framework/Versions/C/Foundation
0x0000000003347000 	/System/Library/Frameworks/AppKit.framework/Versions/C/AppKit
0x0000000003347000 	/System/Library/Frameworks/CoreData.framework/Versions/A/CoreData
0x0000000003347000 	/System/Library/PrivateFrameworks/RemoteViewServices.framework/Versions/A/RemoteViewServices
0x0000000003347000 	/System/Library/PrivateFrameworks/UIFoundation.framework/Versions/A/UIFoundation
0x0000000003347000 	/System/Library/Frameworks/IOSurface.framework/Versions/A/IOSurface
0x0000000003347000 	/System/Library/Frameworks/AudioToolbox.framework/Versions/A/AudioToolbox
0x0000000003347000 	/System/Library/Frameworks/AudioUnit.framework/Versions/A/AudioUnit
0x0000000003347000 	/System/Library/PrivateFrameworks/DataDetectorsCore.framework/Versions/A/DataDetectorsCore
0x0000000003347000 	/System/Library/PrivateFrameworks/DesktopServicesPriv.framework/Versions/A/DesktopServicesPriv
0x0000000003347000 	/System/Library/Frameworks/Carbon.framework/Versions/A/Frameworks/HIToolbox.framework/Versions/A/HIToolbox
0x0000000003347000 	/System/Library/Frameworks/QuartzCore.framework/Versions/A/QuartzCore
0x0000000003347000 	/System/Library/Frameworks/Carbon.framework/Versions/A/Frameworks/SpeechRecognition.framework/Versions/A/SpeechRecognition
0x0000000003347000 	/usr/lib/libauto.dylib
0x0000000003347000 	/usr/lib/libicucore.A.dylib
0x0000000003347000 	/usr/lib/libxml2.2.dylib
0x0000000003347000 	/System/Library/PrivateFrameworks/CoreUI.framework/Versions/A/CoreUI
0x0000000003347000 	/System/Library/Frameworks/CoreAudio.framework/Versions/A/CoreAudio
0x0000000003347000 	/System/Library/Frameworks/DiskArbitration.framework/Versions/A/DiskArbitration
0x0000000003347000 	/usr/lib/liblangid.dylib
0x0000000003347000 	/System/Library/PrivateFrameworks/MultitouchSupport.framework/Versions/A/MultitouchSupport
0x0000000003347000 	/System/Library/Frameworks/IOKit.framework/Versions/A/IOKit
0x0000000003347000 	/usr/lib/libDiagnosticMessagesClient.dylib
0x0000000003347000 	/System/Library/Frameworks/CoreServices.framework/Versions/A/CoreServices
0x0000000003347000 	/System/Library/PrivateFrameworks/PerformanceAnalysis.framework/Versions/A/PerformanceAnalysis
0x0000000003347000 	/System/Library/PrivateFrameworks/GenerationalStorage.framework/Versions/A/GenerationalStorage
0x0000000003347000 	/System/Library/Frameworks/OpenGL.framework/Versions/A/OpenGL
0x0000000003347000 	/System/Library/PrivateFrameworks/Sharing.framework/Versions/A/Sharing
0x0000000003347000 	/System/Library/Frameworks/CoreGraphics.framework/Versions/A/CoreGraphics
0x0000000003347000 	/System/Library/Frameworks/CoreText.framework/Versions/A/CoreText
0x0000000003347000 	/System/Library/Frameworks/ImageIO.framework/Versions/A/ImageIO
0x0000000003347000 	/usr/lib/libextension.dylib
0x0000000003347000 	/System/Library/PrivateFrameworks/Backup.framework/Versions/A/Backup
0x0000000003347000 	/usr/lib/libarchive.2.dylib
0x0000000003347000 	/System/Library/Frameworks/CFNetwork.framework/Versions/A/CFNetwork
0x0000000003347000 	/System/Library/Frameworks/SystemConfiguration.framework/Versions/A/SystemConfiguration
0x0000000003347000 	/usr/lib/libCRFSuite.dylib
0x0000000003347000 	/usr/lib/libc++.1.dylib
0x0000000003347000 	/usr/lib/libc++abi.dylib
0x0000000003347000 	/usr/lib/system/libcache.dylib
0x0000000003347000 	/usr/lib/system/libcommonCrypto.dylib
0x0000000003347000 	/usr/lib/system/libcompiler_rt.dylib
0x0000000003347000 	/usr/lib/system/libcopyfile.dylib
0x0000000003347000 	/usr/lib/system/libcorecrypto.dylib
0x0000000003347000 	/usr/lib/system/libdispatch.dylib
0x0000000003347000 	/usr/lib/system/libdyld.dylib
0x0000000003347000 	/usr/lib/system/libkeymgr.dylib
0x0000000003347000 	/usr/lib/system/liblaunch.dylib
0x0000000003347000 	/usr/lib/system/libmacho.dylib
0x0000000003347000 	/usr/lib/system/libquarantine.dylib
0x0000000003347000 	/usr/lib/system/libremovefile.dylib
0x0000000003347000 	/usr/lib/system/libsystem_asl.dylib
0x0000000003347000 	/usr/lib/system/libsystem_blocks.dylib
0x0000000003347000 	/usr/lib/system/libsystem_c.dylib
0x0000000003347000 	/usr/lib/system/libsystem_configuration.dylib
0x0000000003347000 	/usr/lib/system/libsystem_coreservices.dylib
0x0000000003347000 	/usr/lib/system/libsystem_coretls.dylib
0x0000000003347000 	/usr/lib/system/libsystem_dnssd.dylib
0x0000000003347000 	/usr/lib/system/libsystem_info.dylib
0x0000000003347000 	/usr/lib/system/libsystem_kernel.dylib
0x0000000003347000 	/usr/lib/system/libsystem_m.dylib
0x0000000003347000 	/usr/lib/system/libsystem_malloc.dylib
0x0000000003347000 	/usr/lib/system/libsystem_network.dylib
0x0000000003347000 	/usr/lib/system/libsystem_networkextension.dylib
0x0000000003347000 	/usr/lib/system/libsystem_notify.dylib
0x0000000003347000 	/usr/lib/system/libsystem_platform.dylib
0x0000000003347000 	/usr/lib/system/libsystem_pthread.dylib
0x0000000003347000 	/usr/lib/system/libsystem_sandbox.dylib
0x0000000003347000 	/usr/lib/system/libsystem_secinit.dylib
0x0000000003347000 	/usr/lib/system/libsystem_stats.dylib
0x0000000003347000 	/usr/lib/system/libsystem_trace.dylib
0x0000000003347000 	/usr/lib/system/libunc.dylib
0x0000000003347000 	/usr/lib/system/libunwind.dylib
0x0000000003347000 	/usr/lib/system/libxpc.dylib
0x0000000003347000 	/usr/lib/libbz2.1.0.dylib
0x0000000003347000 	/usr/lib/liblzma.5.dylib
0x0000000003347000 	/usr/lib/libbsm.0.dylib
0x0000000003347000 	/usr/lib/libsqlite3.dylib
0x0000000003347000 	/usr/lib/system/libkxld.dylib
0x0000000003347000 	/usr/lib/libxar.1.dylib
0x0000000003347000 	/usr/lib/libpam.2.dylib
0x0000000003347000 	/usr/lib/libOpenScriptingUtil.dylib
0x0000000003347000 	/System/Library/Frameworks/CoreServices.framework/Versions/A/Frameworks/FSEvents.framework/Versions/A/FSEvents
0x0000000003347000 	/System/Library/Frameworks/CoreServices.framework/Versions/A/Frameworks/CarbonCore.framework/Versions/A/CarbonCore
0x0000000003347000 	/System/Library/Frameworks/CoreServices.framework/Versions/A/Frameworks/Metadata.framework/Versions/A/Metadata
0x0000000003347000 	/System/Library/Frameworks/CoreServices.framework/Versions/A/Frameworks/OSServices.framework/Versions/A/OSServices
0x0000000003347000 	/System/Library/Frameworks/CoreServices.framework/Versions/A/Frameworks/SearchKit.framework/Versions/A/SearchKit
0x0000000003347000 	/System/Library/Frameworks/CoreServices.framework/Versions/A/Frameworks/AE.framework/Versions/A/AE
0x0000000003347000 	/System/Library/Frameworks/CoreServices.framework/Versions/A/Frameworks/LaunchServices.framework/Versions/A/LaunchServices
0x0000000003347000 	/System/Library/Frameworks/CoreServices.framework/Versions/A/Frameworks/DictionaryServices.framework/Versions/A/DictionaryServices
0x0000000003347000 	/System/Library/Frameworks/NetFS.framework/Versions/A/NetFS
0x0000000003347000 	/System/Library/PrivateFrameworks/NetAuth.framework/Versions/A/NetAuth
0x0000000003347000 	/System/Library/PrivateFrameworks/login.framework/Versions/A/Frameworks/loginsupport.framework/Versions/A/loginsupport
0x0000000003347000 	/System/Library/PrivateFrameworks/TCC.framework/Versions/A/TCC
0x0000000003347000 	/usr/lib/libmecabra.dylib
0x0000000003347000 	/System/Library/Frameworks/ApplicationServices.framework/Versions/A/Frameworks/ATS.framework/Versions/A/ATS
0x0000000003347000 	/System/Library/Frameworks/ApplicationServices.framework/Versions/A/Frameworks/ColorSync.framework/Versions/A/ColorSync
0x0000000003347000 	/System/Library/Frameworks/ApplicationServices.framework/Versions/A/Frameworks/HIServices.framework/Versions/A/HIServices
0x0000000003347000 	/System/Library/Frameworks/ApplicationServices.framework/Versions/A/Frameworks/LangAnalysis.framework/Versions/A/LangAnalysis
0x0000000003347000 	/System/Library/Frameworks/ApplicationServices.framework/Versions/A/Frameworks/PrintCore.framework/Versions/A/PrintCore
0x0000000003347000 	/System/Library/Frameworks/ApplicationServices.framework/Versions/A/Frameworks/QD.framework/Versions/A/QD
0x0000000003347000 	/System/Library/Frameworks/ApplicationServices.framework/Versions/A/Frameworks/SpeechSynthesis.framework/Versions/A/SpeechSynthesis
0x0000000003347000 	/System/Library/Frameworks/Accelerate.framework/Versions/A/Accelerate
0x0000000003347000 	/System/Library/Frameworks/Accelerate.framework/Versions/A/Frameworks/vImage.framework/Versions/A/vImage
0x0000000003347000 	/System/Library/Frameworks/Accelerate.framework/Versions/A/Frameworks/vecLib.framework/Versions/A/vecLib
0x0000000003347000 	/System/Library/Frameworks/Accelerate.framework/Versions/A/Frameworks/vecLib.framework/Versions/A/libvDSP.dylib
0x0000000003347000 	/System/Library/Frameworks/Accelerate.framework/Versions/A/Frameworks/vecLib.framework/Versions/A/libvMisc.dylib
0x0000000003347000 	/System/Library/Frameworks/Accelerate.framework/Versions/A/Frameworks/vecLib.framework/Versions/A/libLAPACK.dylib
0x0000000003347000 	/System/Library/Frameworks/Accelerate.framework/Versions/A/Frameworks/vecLib.framework/Versions/A/libBLAS.dylib
0x0000000003347000 	/System/Library/Frameworks/Accelerate.framework/Versions/A/Frameworks/vecLib.framework/Versions/A/libLinearAlgebra.dylib
0x0000000003347000 	/System/Library/Frameworks/ApplicationServices.framework/Versions/A/Frameworks/ATS.framework/Versions/A/Resources/libFontParser.dylib
0x0000000003347000 	/System/Library/Frameworks/ApplicationServices.framework/Versions/A/Frameworks/ATS.framework/Versions/A/Resources/libFontRegistry.dylib
0x0000000003347000 	/System/Library/PrivateFrameworks/AppleVPA.framework/Versions/A/AppleVPA
0x0000000003347000 	/System/Library/PrivateFrameworks/AppleJPEG.framework/Versions/A/AppleJPEG
0x0000000003347000 	/System/Library/Frameworks/ImageIO.framework/Versions/A/Resources/libJPEG.dylib
0x0000000003347000 	/System/Library/Frameworks/ImageIO.framework/Versions/A/Resources/libTIFF.dylib
0x0000000003347000 	/System/Library/Frameworks/ImageIO.framework/Versions/A/Resources/libPng.dylib
0x0000000003347000 	/System/Library/Frameworks/ImageIO.framework/Versions/A/Resources/libGIF.dylib
0x0000000003347000 	/System/Library/Frameworks/ImageIO.framework/Versions/A/Resources/libJP2.dylib
0x0000000003347000 	/System/Library/Frameworks/ImageIO.framework/Versions/A/Resources/libRadiance.dylib
0x0000000003347000 	/System/Library/Frameworks/CoreVideo.framework/Versions/A/CoreVideo
0x0000000003347000 	/System/Library/Frameworks/OpenGL.framework/Versions/A/Libraries/libGLU.dylib
0x0000000003347000 	/System/Library/Frameworks/OpenGL.framework/Versions/A/Libraries/libGFXShared.dylib
0x0000000003347000 	/System/Library/Frameworks/OpenGL.framework/Versions/A/Libraries/libGL.dylib
0x0000000003347000 	/System/Library/Frameworks/OpenGL.framework/Versions/A/Libraries/libGLImage.dylib
0x0000000003347000 	/System/Library/Frameworks/OpenGL.framework/Versions/A/Libraries/libCVMSPluginSupport.dylib
0x0000000003347000 	/System/Library/Frameworks/OpenGL.framework/Versions/A/Libraries/libCoreVMClient.dylib
0x0000000003347000 	/usr/lib/libcups.2.dylib
0x0000000003347000 	/System/Library/Frameworks/Kerberos.framework/Versions/A/Kerberos
0x0000000003347000 	/System/Library/Frameworks/GSS.framework/Versions/A/GSS
0x0000000003347000 	/usr/lib/libresolv.9.dylib
0x0000000003347000 	/usr/lib/libiconv.2.dylib
0x0000000003347000 	/System/Library/PrivateFrameworks/Heimdal.framework/Versions/A/Heimdal
0x0000000003347000 	/usr/lib/libheimdal-asn1.dylib
0x0000000003347000 	/System/Library/Frameworks/OpenDirectory.framework/Versions/A/OpenDirectory
0x0000000003347000 	/System/Library/PrivateFrameworks/CommonAuth.framework/Versions/A/CommonAuth
0x0000000003347000 	/System/Library/Frameworks/OpenDirectory.framework/Versions/A/Frameworks/CFOpenDirectory.framework/Versions/A/CFOpenDirectory
0x0000000003347000 	/System/Library/Frameworks/SecurityFoundation.framework/Versions/A/SecurityFoundation
0x0000000003347000 	/System/Library/PrivateFrameworks/LanguageModeling.framework/Versions/A/LanguageModeling
0x0000000003347000 	/usr/lib/libcmph.dylib
0x0000000003347000 	/System/Library/Frameworks/ServiceManagement.framework/Versions/A/ServiceManagement
0x0000000003347000 	/usr/lib/libxslt.1.dylib
0x0000000003347000 	/System/Library/Frameworks/Carbon.framework/Versions/A/Frameworks/Ink.framework/Versions/A/Ink
0x0000000003347000 	/System/Library/Frameworks/QuartzCore.framework/Versions/A/Frameworks/CoreImage.framework/Versions/A/CoreImage
0x0000000003347000 	/System/Library/PrivateFrameworks/CrashReporterSupport.framework/Versions/A/CrashReporterSupport
0x0000000003347000 	/System/Library/Frameworks/OpenCL.framework/Versions/A/OpenCL
0x0000000003347000 	/System/Library/PrivateFrameworks/FaceCore.framework/Versions/A/FaceCore
0x0000000003347000 	/System/Library/PrivateFrameworks/Ubiquity.framework/Versions/A/Ubiquity
0x0000000003347000 	/System/Library/PrivateFrameworks/IconServices.framework/Versions/A/IconServices
0x0000000003347000 	/System/Library/PrivateFrameworks/ChunkingLibrary.framework/Versions/A/ChunkingLibrary
0x0000000003347000 	/System/Library/PrivateFrameworks/Apple80211.framework/Versions/A/Apple80211
0x0000000003347000 	/System/Library/Frameworks/CoreWLAN.framework/Versions/A/CoreWLAN
0x0000000003347000 	/System/Library/Frameworks/IOBluetooth.framework/Versions/A/IOBluetooth
0x0000000003347000 	/System/Library/PrivateFrameworks/CoreWiFi.framework/Versions/A/CoreWiFi
0x0000000003347000 	/System/Library/Frameworks/CoreBluetooth.framework/Versions/A/CoreBluetooth
0x0000000003347000 	/System/Library/PrivateFrameworks/DebugSymbols.framework/Versions/A/DebugSymbols
0x0000000003347000 	/System/Library/PrivateFrameworks/CoreSymbolication.framework/Versions/A/CoreSymbolication
0x0000000003347000 	/System/Library/PrivateFrameworks/Symbolication.framework/Versions/A/Symbolication
0x0000000003347000 	/System/Library/PrivateFrameworks/SpeechRecognitionCore.framework/Versions/A/SpeechRecognitionCore
0x0000000103000000 	/Library/Java/JavaVirtualMachines/jdk1.7.0_51.jdk/Contents/Home/jre/lib/server/libjvm.dylib
0x0000000003347000 	/usr/lib/libstdc++.6.dylib
0x0000000103a53000 	/Library/Java/JavaVirtualMachines/jdk1.7.0_51.jdk/Contents/Home/jre/lib/libverify.dylib
0x0000000103a60000 	/Library/Java/JavaVirtualMachines/jdk1.7.0_51.jdk/Contents/Home/jre/lib/libjava.dylib
0x0000000103a98000 	/Library/Java/JavaVirtualMachines/jdk1.7.0_51.jdk/Contents/Home/jre/lib/libzip.dylib
0x000000010d30d000 	/System/Library/Frameworks/JavaVM.framework/Frameworks/JavaRuntimeSupport.framework/JavaRuntimeSupport
0x000000010d323000 	/System/Library/Frameworks/JavaVM.framework/Versions/A/Frameworks/JavaNativeFoundation.framework/Versions/A/JavaNativeFoundation
0x000000010d337000 	/System/Library/Frameworks/JavaVM.framework/Versions/A/JavaVM
0x0000000003347000 	/System/Library/Frameworks/Carbon.framework/Versions/A/Carbon
0x000000010d343000 	/System/Library/PrivateFrameworks/JavaLaunching.framework/Versions/A/JavaLaunching
0x0000000003347000 	/System/Library/Frameworks/Carbon.framework/Versions/A/Frameworks/CommonPanels.framework/Versions/A/CommonPanels
0x0000000003347000 	/System/Library/Frameworks/Carbon.framework/Versions/A/Frameworks/Help.framework/Versions/A/Help
0x0000000003347000 	/System/Library/Frameworks/Carbon.framework/Versions/A/Frameworks/ImageCapture.framework/Versions/A/ImageCapture
0x0000000003347000 	/System/Library/Frameworks/Carbon.framework/Versions/A/Frameworks/OpenScripting.framework/Versions/A/OpenScripting
0x0000000003347000 	/System/Library/Frameworks/Carbon.framework/Versions/A/Frameworks/Print.framework/Versions/A/Print
0x0000000003347000 	/System/Library/Frameworks/Carbon.framework/Versions/A/Frameworks/SecurityHI.framework/Versions/A/SecurityHI
0x000000010efed000 	/Library/Java/JavaVirtualMachines/jdk1.7.0_51.jdk/Contents/Home/jre/lib/libawt.dylib
0x000000010f09c000 	/Library/Java/JavaVirtualMachines/jdk1.7.0_51.jdk/Contents/Home/jre/lib/./libmlib_image.dylib
0x000000010f168000 	/Library/Java/JavaVirtualMachines/jdk1.7.0_51.jdk/Contents/Home/jre/lib/lwawt/liblwawt.dylib
0x000000010f21c000 	/Library/Java/JavaVirtualMachines/jdk1.7.0_51.jdk/Contents/Home/jre/lib/libosxapp.dylib
0x0000000003347000 	/System/Library/Frameworks/ExceptionHandling.framework/Versions/A/ExceptionHandling
0x0000000003347000 	/System/Library/PrivateFrameworks/CoreServicesInternal.framework/Versions/A/CoreServicesInternal
0x0000000003347000 	/System/Library/PrivateFrameworks/CloudDocs.framework/Versions/A/CloudDocs
0x0000000003347000 	/System/Library/PrivateFrameworks/CoreDuet.framework/Versions/A/CoreDuet
0x0000000003347000 	/System/Library/Frameworks/CloudKit.framework/Versions/A/CloudKit
0x0000000003347000 	/System/Library/PrivateFrameworks/ProtocolBuffer.framework/Versions/A/ProtocolBuffer
0x0000000003347000 	/System/Library/PrivateFrameworks/CoreDuetDaemonProtocol.framework/Versions/A/CoreDuetDaemonProtocol
0x0000000003347000 	/System/Library/PrivateFrameworks/CoreDuetDebugLogging.framework/Versions/A/CoreDuetDebugLogging
0x0000000003347000 	/System/Library/Frameworks/CoreLocation.framework/Versions/A/CoreLocation
0x0000000003347000 	/System/Library/Frameworks/Accounts.framework/Versions/A/Accounts
0x0000000003347000 	/System/Library/PrivateFrameworks/ApplePushService.framework/Versions/A/ApplePushService
0x0000000003347000 	/System/Library/PrivateFrameworks/GeoServices.framework/Versions/A/GeoServices
0x0000000003347000 	/System/Library/PrivateFrameworks/OAuth.framework/Versions/A/OAuth
0x0000000003347000 	/System/Library/PrivateFrameworks/CoreDaemon.framework/Versions/B/CoreDaemon
0x0000000003347000 	/usr/lib/libcrypto.0.9.8.dylib
0x0000000003347000 	/System/Library/PrivateFrameworks/AppleSRP.framework/Versions/A/AppleSRP
0x0000000003347000 	/System/Library/PrivateFrameworks/TrustEvaluationAgent.framework/Versions/A/TrustEvaluationAgent
0x0000000110591000 	/System/Library/Frameworks/CoreGraphics.framework/Versions/A/Resources/libCGCMS.A.dylib
0x00000001113a1000 	/System/Library/Frameworks/CoreGraphics.framework/Versions/A/Resources/libRIP.A.dylib
0x00000001116d1000 	/System/Library/Frameworks/CoreGraphics.framework/Versions/A/Resources/libCGXType.A.dylib
0x0000000003347000 	/System/Library/Frameworks/OpenCL.framework/Versions/A/Libraries/libcldcpuengine.dylib
0x0000000003347000 	/System/Library/PrivateFrameworks/DiskImages.framework/Versions/A/DiskImages
0x0000000003347000 	/System/Library/Frameworks/DiscRecording.framework/Versions/A/DiscRecording
0x0000000003347000 	/usr/lib/libcsfde.dylib
0x0000000003347000 	/usr/lib/libcurl.4.dylib
0x0000000003347000 	/System/Library/PrivateFrameworks/MediaKit.framework/Versions/A/MediaKit
0x0000000003347000 	/System/Library/PrivateFrameworks/ProtectedCloudStorage.framework/Versions/A/ProtectedCloudStorage
0x0000000003347000 	/usr/lib/libCoreStorage.dylib
0x0000000003347000 	/System/Library/PrivateFrameworks/EFILogin.framework/Versions/A/EFILogin
0x0000000003347000 	/usr/lib/libutil.dylib
0x0000000003347000 	/System/Library/PrivateFrameworks/FindMyDevice.framework/Versions/A/FindMyDevice
0x0000000003347000 	/System/Library/Frameworks/LDAP.framework/Versions/A/LDAP
0x0000000003347000 	/usr/lib/libsasl2.2.dylib
0x0000000112143000 	cl_kernels
0x0000000112145000 	/System/Library/Frameworks/OpenCL.framework/Versions/A/Libraries/ImageFormats/unorm8_bgra.dylib
0x0000000112135000 	cl_kernels
0x0000000003347000 	/System/Library/PrivateFrameworks/FamilyControls.framework/Versions/A/FamilyControls
0x0000000003347000 	/System/Library/PrivateFrameworks/CommerceKit.framework/Versions/A/Frameworks/CommerceCore.framework/Versions/A/CommerceCore
0x0000000003347000 	/System/Library/PrivateFrameworks/SystemAdministration.framework/Versions/A/SystemAdministration
0x0000000003347000 	/System/Library/PrivateFrameworks/AppContainer.framework/Versions/A/AppContainer
0x0000000003347000 	/System/Library/PrivateFrameworks/SecCodeWrapper.framework/Versions/A/SecCodeWrapper
0x0000000003347000 	/System/Library/Frameworks/DirectoryService.framework/Versions/A/DirectoryService
0x0000000003347000 	/System/Library/PrivateFrameworks/LoginUIKit.framework/Versions/A/Frameworks/LoginUICore.framework/Versions/A/LoginUICore
0x0000000003347000 	/usr/lib/libodfde.dylib
0x00000001133c9000 	/Library/Java/JavaVirtualMachines/jdk1.7.0_51.jdk/Contents/Home/jre/lib/libfontmanager.dylib
0x0000000113430000 	/Users/eperdew/Desktop/Position-Based-Fluid/deps/lwjgl-2.9.1/native/macosx/liblwjgl.jnilib
0x00000001115b2000 	/Library/Java/JavaVirtualMachines/jdk1.7.0_51.jdk/Contents/Home/jre/lib/libjawt.dylib
0x00000001134af000 	/System/Library/Frameworks/OpenGL.framework/Resources/GLEngine.bundle/GLEngine
0x0000000003347000 	/System/Library/Frameworks/OpenGL.framework/Versions/A/Libraries/libGLProgrammability.dylib
0x0000000000000000 	/System/Library/Extensions/AppleIntelHD5000GraphicsGLDriver.bundle/Contents/MacOS/AppleIntelHD5000GraphicsGLDriver
0x0000000003347000 	/System/Library/PrivateFrameworks/IOAccelerator.framework/Versions/A/IOAccelerator
0x0000000003347000 	/System/Library/PrivateFrameworks/GPUSupport.framework/Versions/A/Libraries/libGPUSupportMercury.dylib
0x000000011369a000 	/System/Library/Frameworks/OpenGL.framework/Resources//GLRendererFloat.bundle/GLRendererFloat

VM Arguments:
jvm_args: -Djava.library.path=/Users/eperdew/Desktop/Position-Based-Fluid/deps/lwjgl-2.9.1/native/macosx:/Users/eperdew/Desktop/Position-Based-Fluid/deps/lwjgl-2.9.1/native/macosx -Dfile.encoding=UTF-8 
java_command: rendering.Renderer
Launcher Type: SUN_STANDARD

Environment Variables:
PATH=/usr/bin:/bin:/usr/sbin:/sbin
SHELL=/bin/bash
DISPLAY=/private/tmp/com.apple.launchd.Q039cj4LlY/org.macosforge.xquartz:0

Signal Handlers:
SIGSEGV: [libjvm.dylib+0x525425], sa_mask[0]=0xfffefeff, sa_flags=0x00000043
SIGBUS: [libjvm.dylib+0x525425], sa_mask[0]=0xfffefeff, sa_flags=0x00000042
SIGFPE: [libjvm.dylib+0x41892a], sa_mask[0]=0xfffefeff, sa_flags=0x00000042
SIGPIPE: [libjvm.dylib+0x41892a], sa_mask[0]=0xfffefeff, sa_flags=0x00000042
SIGXFSZ: [libjvm.dylib+0x41892a], sa_mask[0]=0xfffefeff, sa_flags=0x00000042
SIGILL: [libjvm.dylib+0x41892a], sa_mask[0]=0xfffefeff, sa_flags=0x00000042
SIGUSR1: SIG_DFL, sa_mask[0]=0x00000000, sa_flags=0x00000000
SIGUSR2: [libjvm.dylib+0x41841c], sa_mask[0]=0x00000004, sa_flags=0x00000042
SIGHUP: [libjvm.dylib+0x4166ab], sa_mask[0]=0xfffefeff, sa_flags=0x00000042
SIGINT: [libjvm.dylib+0x4166ab], sa_mask[0]=0xfffefeff, sa_flags=0x00000042
SIGTERM: [libjvm.dylib+0x4166ab], sa_mask[0]=0xfffefeff, sa_flags=0x00000042
SIGQUIT: [libjvm.dylib+0x4166ab], sa_mask[0]=0xfffefeff, sa_flags=0x00000042


---------------  S Y S T E M  ---------------

OS:Bsduname:Darwin 14.1.0 Darwin Kernel Version 14.1.0: Sun Nov 30 22:30:35 PST 2014; root:xnu-2782.10.66~2/RELEASE_X86_64 x86_64
rlimit: STACK 8192k, CORE 0k, NPROC 709, NOFILE 10240, AS infinity
load average:1.41 1.26 1.20

CPU:total 4 (2 cores per cpu, 2 threads per core) family 6 model 69 stepping 1, cmov, cx8, fxsr, mmx, sse, sse2, sse3, ssse3, sse4.1, sse4.2, popcnt, avx, avx2, aes, erms, ht, tsc, tscinvbit

Memory: 4k page, physical 8388608k(2097152k free)

/proc/meminfo:


vm_info: Java HotSpot(TM) 64-Bit Server VM (24.51-b03) for bsd-amd64 JRE (1.7.0_51-b13), built on Dec 18 2013 18:45:56 by "java_re" with gcc 4.2.1 (Based on Apple Inc. build 5658) (LLVM build 2336.11.00)

time: Wed Dec 10 18:05:59 2014
elapsed time: 2 seconds

