#
# A fatal error has been detected by the Java Runtime Environment:
#
#  EXCEPTION_ACCESS_VIOLATION (0xc0000005) at pc=0x000007fee687d481, pid=5824, tid=4868
#
# JRE version: Java(TM) SE Runtime Environment (8.0_25-b18) (build 1.8.0_25-b18)
# Java VM: Java HotSpot(TM) 64-Bit Server VM (25.25-b02 mixed mode windows-amd64 compressed oops)
# Problematic frame:
# C  [ig7icd64.dll+0x17d481]
#
# Failed to write core dump. Minidumps are not enabled by default on client versions of Windows
#
# If you would like to submit a bug report, please visit:
#   http://bugreport.sun.com/bugreport/crash.jsp
# The crash happened outside the Java Virtual Machine in native code.
# See problematic frame for where to report the bug.
#

---------------  T H R E A D  ---------------

Current thread (0x000000000030d800):  JavaThread "main" [_thread_in_native, id=4868, stack(0x0000000002040000,0x0000000002140000)]

siginfo: ExceptionCode=0xc0000005, reading address 0x0000000001e80000

Registers:
RAX=0x0000000000000000, RBX=0x000007fee6ec24a0, RCX=0x0000000000000000, RDX=0x000000005a26cd00
RSP=0x000000000213e580, RBP=0x000000000213e680, RSI=0x0000000001e80000, RDI=0x000000005a26ce90
R8 =0x0000000000000258, R9 =0x0000000000000004, R10=0x0000000000000004, R11=0x000000000213e6b8
R12=0x0000000000000004, R13=0x0000000000000004, R14=0x00000000000001f4, R15=0x000000000213e780
RIP=0x000007fee687d481, EFLAGS=0x0000000000010246

Top of Stack: (sp=0x000000000213e580)
0x000000000213e580:   0000000000000000 0000000000000000
0x000000000213e590:   00000010000e2018 0000000000000000
0x000000000213e5a0:   0000000400000119 0000025800000004
0x000000000213e5b0:   0000000001e7fe70 000000005a26cd00
0x000000000213e5c0:   000000000213e990 0000000000000000
0x000000000213e5d0:   0000000000000000 0000000000000000
0x000000000213e5e0:   3ff0000000000000 00001859bb71250b
0x000000000213e5f0:   0000000000000000 0000000000000000
0x000000000213e600:   0000000000000000 0000000000000000
0x000000000213e610:   0000000000000000 0000000000000000
0x000000000213e620:   0000000000000000 0000000000000000
0x000000000213e630:   0000000000000000 0000000000000000
0x000000000213e640:   0000000000000000 0000000000000000
0x000000000213e650:   cafebabecafebabe 0000000000000000
0x000000000213e660:   cafebabecafebabe 0000000000000000
0x000000000213e670:   0000000000000000 0000000000000000 

Instructions: (pc=0x000007fee687d481)
0x000007fee687d461:   08 0f b7 43 08 0f 5a c0 f2 0f 11 44 c4 48 f3 0f
0x000007fee687d471:   10 46 04 0f b7 43 06 0f 5a c0 f2 0f 11 44 c4 48
0x000007fee687d481:   f3 0f 10 06 0f b7 43 04 0f 5a c0 f2 0f 11 44 c4
0x000007fee687d491:   48 f2 0f 10 4c 24 60 f2 0f 10 7c 24 58 f2 0f 10 


Register to memory mapping:

RAX=0x0000000000000000 is an unknown value
RBX=0x000007fee6ec24a0 is an unknown value
RCX=0x0000000000000000 is an unknown value
RDX=0x000000005a26cd00 is an unknown value
RSP=0x000000000213e580 is pointing into the stack for thread: 0x000000000030d800
RBP=0x000000000213e680 is pointing into the stack for thread: 0x000000000030d800
RSI=0x0000000001e80000 is an unknown value
RDI=0x000000005a26ce90 is an unknown value
R8 =0x0000000000000258 is an unknown value
R9 =0x0000000000000004 is an unknown value
R10=0x0000000000000004 is an unknown value
R11=0x000000000213e6b8 is pointing into the stack for thread: 0x000000000030d800
R12=0x0000000000000004 is an unknown value
R13=0x0000000000000004 is an unknown value
R14=0x00000000000001f4 is an unknown value
R15=0x000000000213e780 is pointing into the stack for thread: 0x000000000030d800


Stack: [0x0000000002040000,0x0000000002140000],  sp=0x000000000213e580,  free space=1017k
Native frames: (J=compiled Java code, j=interpreted, Vv=VM code, C=native code)
C  [ig7icd64.dll+0x17d481]
C  [ig7icd64.dll+0x70e9d4]
C  [ig7icd64.dll+0x70edba]
C  [ig7icd64.dll+0x70f5a1]
C  [ig7icd64.dll+0x70d5c4]
C  [ig7icd64.dll+0xa27bc]
C  [ig7icd64.dll+0x9cb52]
C  [ig7icd64.dll+0x38d712]
C  [lwjgl64.dll+0xb8aa]
C  0x0000000002425b54

Java frames: (J=compiled Java code, j=interpreted, Vv=VM code)
j  org.lwjgl.opengl.GL11.nglTexImage2D(IIIIIIIIJJ)V+0
j  org.lwjgl.opengl.GL11.glTexImage2D(IIIIIIIILjava/nio/ByteBuffer;)V+63
j  rendering.Containers.ShaderHelper.initTexture(IIII)V+93
j  rendering.Renderer.initFramebuffers()V+44
j  rendering.Renderer.initGl()V+89
j  rendering.Renderer.main([Ljava/lang/String;)V+9
v  ~StubRoutines::call_stub

---------------  P R O C E S S  ---------------

Java Threads: ( => current thread )
  0x000000005668b000 JavaThread "Service Thread" daemon [_thread_blocked, id=6876, stack(0x0000000056b50000,0x0000000056c50000)]
  0x0000000056620800 JavaThread "C1 CompilerThread2" daemon [_thread_blocked, id=5912, stack(0x0000000056a20000,0x0000000056b20000)]
  0x0000000054bfe000 JavaThread "C2 CompilerThread1" daemon [_thread_blocked, id=5044, stack(0x0000000056520000,0x0000000056620000)]
  0x0000000054bf8800 JavaThread "C2 CompilerThread0" daemon [_thread_blocked, id=5172, stack(0x0000000055f20000,0x0000000056020000)]
  0x0000000054bf7000 JavaThread "Attach Listener" daemon [_thread_blocked, id=5240, stack(0x0000000056330000,0x0000000056430000)]
  0x0000000054bf5800 JavaThread "Signal Dispatcher" daemon [_thread_blocked, id=6408, stack(0x0000000056180000,0x0000000056280000)]
  0x0000000054b94000 JavaThread "Finalizer" daemon [_thread_blocked, id=5272, stack(0x0000000056080000,0x0000000056180000)]
  0x0000000054b8b000 JavaThread "Reference Handler" daemon [_thread_blocked, id=6692, stack(0x0000000055de0000,0x0000000055ee0000)]
=>0x000000000030d800 JavaThread "main" [_thread_in_native, id=4868, stack(0x0000000002040000,0x0000000002140000)]

Other Threads:
  0x0000000054b87800 VMThread [stack: 0x0000000055c10000,0x0000000055d10000] [id=3352]
  0x00000000566ac000 WatcherThread [stack: 0x0000000056e40000,0x0000000056f40000] [id=4120]

VM state:not at safepoint (normal execution)

VM Mutex/Monitor currently owned by a thread: None

Heap:
 PSYoungGen      total 34304K, used 17998K [0x00000000eb980000, 0x00000000edd80000, 0x0000000100000000)
  eden space 31744K, 48% used [0x00000000eb980000,0x00000000ec893bf0,0x00000000ed880000)
  from space 2560K, 100% used [0x00000000edb00000,0x00000000edd80000,0x00000000edd80000)
  to   space 2560K, 0% used [0x00000000ed880000,0x00000000ed880000,0x00000000edb00000)
 ParOldGen       total 42496K, used 14846K [0x00000000c2c00000, 0x00000000c5580000, 0x00000000eb980000)
  object space 42496K, 34% used [0x00000000c2c00000,0x00000000c3a7fbd0,0x00000000c5580000)
 Metaspace       used 4223K, capacity 5555K, committed 5632K, reserved 1056768K
  class space    used 404K, capacity 456K, committed 512K, reserved 1048576K

Card table byte_map: [0x00000000117d0000,0x00000000119c0000] byte_map_base: 0x00000000111ba000

Marking Bits: (ParMarkBitMap*) 0x000000006ccfd490
 Begin Bits: [0x0000000012170000, 0x00000000130c0000)
 End Bits:   [0x00000000130c0000, 0x0000000014010000)

Polling page: 0x0000000000100000

CodeCache: size=245760Kb used=1620Kb max_used=1620Kb free=244139Kb
 bounds [0x0000000002410000, 0x0000000002680000, 0x0000000011410000]
 total_blobs=602 nmethods=263 adapters=253
 compilation: enabled

Compilation events (10 events):
Event: 0.601 Thread 0x0000000056620800  258       3       java.util.HashSet::contains (9 bytes)
Event: 0.601 Thread 0x0000000056620800 nmethod 258 0x000000000259ea50 code [0x000000000259ebe0, 0x000000000259f0b8]
Event: 0.623 Thread 0x0000000056620800  260       3       java.net.URL::<init> (8 bytes)
Event: 0.623 Thread 0x0000000056620800 nmethod 260 0x000000000259f250 code [0x000000000259f3c0, 0x000000000259f548]
Event: 0.623 Thread 0x0000000056620800  261   !   3       java.net.URL::<init> (543 bytes)
Event: 0.628 Thread 0x0000000056620800 nmethod 261 0x000000000259f5d0 code [0x000000000259fa80, 0x00000000025a2ae8]
Event: 0.628 Thread 0x0000000056620800  262       3       java.net.URLStreamHandler::setURL (40 bytes)
Event: 0.629 Thread 0x0000000056620800 nmethod 262 0x00000000025a4ed0 code [0x00000000025a5060, 0x00000000025a53f8]
Event: 0.629 Thread 0x0000000056620800  263       3       java.util.zip.ZipFile::access$400 (5 bytes)
Event: 0.629 Thread 0x0000000056620800 nmethod 263 0x00000000025a5590 code [0x00000000025a56e0, 0x00000000025a5810]

GC Heap History (4 events):
Event: 0.182 GC heap before
{Heap before GC invocations=1 (full 0):
 PSYoungGen      total 18432K, used 15872K [0x00000000eb980000, 0x00000000ece00000, 0x0000000100000000)
  eden space 15872K, 100% used [0x00000000eb980000,0x00000000ec900000,0x00000000ec900000)
  from space 2560K, 0% used [0x00000000ecb80000,0x00000000ecb80000,0x00000000ece00000)
  to   space 2560K, 0% used [0x00000000ec900000,0x00000000ec900000,0x00000000ecb80000)
 ParOldGen       total 42496K, used 0K [0x00000000c2c00000, 0x00000000c5580000, 0x00000000eb980000)
  object space 42496K, 0% used [0x00000000c2c00000,0x00000000c2c00000,0x00000000c5580000)
 Metaspace       used 2846K, capacity 4600K, committed 4864K, reserved 1056768K
  class space    used 318K, capacity 424K, committed 512K, reserved 1048576K
Event: 0.200 GC heap after
Heap after GC invocations=1 (full 0):
 PSYoungGen      total 18432K, used 2544K [0x00000000eb980000, 0x00000000edd80000, 0x0000000100000000)
  eden space 15872K, 0% used [0x00000000eb980000,0x00000000eb980000,0x00000000ec900000)
  from space 2560K, 99% used [0x00000000ec900000,0x00000000ecb7c010,0x00000000ecb80000)
  to   space 2560K, 0% used [0x00000000edb00000,0x00000000edb00000,0x00000000edd80000)
 ParOldGen       total 42496K, used 8664K [0x00000000c2c00000, 0x00000000c5580000, 0x00000000eb980000)
  object space 42496K, 20% used [0x00000000c2c00000,0x00000000c3476000,0x00000000c5580000)
 Metaspace       used 2846K, capacity 4600K, committed 4864K, reserved 1056768K
  class space    used 318K, capacity 424K, committed 512K, reserved 1048576K
}
Event: 0.229 GC heap before
{Heap before GC invocations=2 (full 0):
 PSYoungGen      total 18432K, used 18416K [0x00000000eb980000, 0x00000000edd80000, 0x0000000100000000)
  eden space 15872K, 100% used [0x00000000eb980000,0x00000000ec900000,0x00000000ec900000)
  from space 2560K, 99% used [0x00000000ec900000,0x00000000ecb7c010,0x00000000ecb80000)
  to   space 2560K, 0% used [0x00000000edb00000,0x00000000edb00000,0x00000000edd80000)
 ParOldGen       total 42496K, used 8664K [0x00000000c2c00000, 0x00000000c5580000, 0x00000000eb980000)
  object space 42496K, 20% used [0x00000000c2c00000,0x00000000c3476000,0x00000000c5580000)
 Metaspace       used 2849K, capacity 4600K, committed 4864K, reserved 1056768K
  class space    used 319K, capacity 424K, committed 512K, reserved 1048576K
Event: 0.240 GC heap after
Heap after GC invocations=2 (full 0):
 PSYoungGen      total 34304K, used 2560K [0x00000000eb980000, 0x00000000edd80000, 0x0000000100000000)
  eden space 31744K, 0% used [0x00000000eb980000,0x00000000eb980000,0x00000000ed880000)
  from space 2560K, 100% used [0x00000000edb00000,0x00000000edd80000,0x00000000edd80000)
  to   space 2560K, 0% used [0x00000000ed880000,0x00000000ed880000,0x00000000edb00000)
 ParOldGen       total 42496K, used 14846K [0x00000000c2c00000, 0x00000000c5580000, 0x00000000eb980000)
  object space 42496K, 34% used [0x00000000c2c00000,0x00000000c3a7fbd0,0x00000000c5580000)
 Metaspace       used 2849K, capacity 4600K, committed 4864K, reserved 1056768K
  class space    used 319K, capacity 424K, committed 512K, reserved 1048576K
}

Deoptimization events (0 events):
No events

Internal exceptions (10 events):
Event: 0.532 Thread 0x000000000030d800 Exception <a 'java/security/PrivilegedActionException'> (0x00000000ec76f380) thrown at [D:\re\workspace\8-2-build-windows-amd64-cygwin\jdk8u25\1677\hotspot\src\share\vm\prims\jvm.cpp, line 1312]
Event: 0.533 Thread 0x000000000030d800 Exception <a 'java/security/PrivilegedActionException'> (0x00000000ec774fd8) thrown at [D:\re\workspace\8-2-build-windows-amd64-cygwin\jdk8u25\1677\hotspot\src\share\vm\prims\jvm.cpp, line 1312]
Event: 0.533 Thread 0x000000000030d800 Exception <a 'java/security/PrivilegedActionException'> (0x00000000ec778320) thrown at [D:\re\workspace\8-2-build-windows-amd64-cygwin\jdk8u25\1677\hotspot\src\share\vm\prims\jvm.cpp, line 1312]
Event: 0.535 Thread 0x000000000030d800 Exception <a 'java/security/PrivilegedActionException'> (0x00000000ec77b9b0) thrown at [D:\re\workspace\8-2-build-windows-amd64-cygwin\jdk8u25\1677\hotspot\src\share\vm\prims\jvm.cpp, line 1312]
Event: 0.542 Thread 0x000000000030d800 Exception <a 'java/security/PrivilegedActionException'> (0x00000000ec7b4580) thrown at [D:\re\workspace\8-2-build-windows-amd64-cygwin\jdk8u25\1677\hotspot\src\share\vm\prims\jvm.cpp, line 1312]
Event: 0.544 Thread 0x000000000030d800 Exception <a 'java/security/PrivilegedActionException'> (0x00000000ec7bbdc8) thrown at [D:\re\workspace\8-2-build-windows-amd64-cygwin\jdk8u25\1677\hotspot\src\share\vm\prims\jvm.cpp, line 1312]
Event: 0.552 Thread 0x000000000030d800 Exception <a 'java/security/PrivilegedActionException'> (0x00000000ec7e4c40) thrown at [D:\re\workspace\8-2-build-windows-amd64-cygwin\jdk8u25\1677\hotspot\src\share\vm\prims\jvm.cpp, line 1312]
Event: 0.603 Thread 0x000000000030d800 Exception <a 'java/security/PrivilegedActionException'> (0x00000000ec8432d0) thrown at [D:\re\workspace\8-2-build-windows-amd64-cygwin\jdk8u25\1677\hotspot\src\share\vm\prims\jvm.cpp, line 1312]
Event: 0.623 Thread 0x000000000030d800 Exception <a 'java/security/PrivilegedActionException'> (0x00000000ec846e28) thrown at [D:\re\workspace\8-2-build-windows-amd64-cygwin\jdk8u25\1677\hotspot\src\share\vm\prims\jvm.cpp, line 1312]
Event: 0.625 Thread 0x000000000030d800 Exception <a 'java/security/PrivilegedActionException'> (0x00000000ec84cd20) thrown at [D:\re\workspace\8-2-build-windows-amd64-cygwin\jdk8u25\1677\hotspot\src\share\vm\prims\jvm.cpp, line 1312]

Events (10 events):
Event: 0.544 loading class org/lwjgl/opengl/GL30
Event: 0.544 loading class org/lwjgl/opengl/GL30 done
Event: 0.552 loading class org/lwjgl/opengl/Util
Event: 0.552 loading class org/lwjgl/opengl/Util done
Event: 0.603 loading class org/lwjgl/opengl/ReferencesStack
Event: 0.603 loading class org/lwjgl/opengl/ReferencesStack done
Event: 0.623 loading class org/lwjgl/input/Controllers
Event: 0.623 loading class org/lwjgl/input/Controllers done
Event: 0.625 loading class org/lwjgl/opengl/GLChecks
Event: 0.625 loading class org/lwjgl/opengl/GLChecks done


Dynamic libraries:
0x000000013f830000 - 0x000000013f864000 	C:\Program Files\Java\jre1.8.0_25\bin\javaw.exe
0x0000000077340000 - 0x00000000774e9000 	C:\Windows\SYSTEM32\ntdll.dll
0x0000000077220000 - 0x000000007733f000 	C:\Windows\system32\kernel32.dll
0x000007fefd130000 - 0x000007fefd19c000 	C:\Windows\system32\KERNELBASE.dll
0x000007fefd8e0000 - 0x000007fefd9bb000 	C:\Windows\system32\ADVAPI32.dll
0x000007feff3d0000 - 0x000007feff46f000 	C:\Windows\system32\msvcrt.dll
0x000007fefd530000 - 0x000007fefd54f000 	C:\Windows\SYSTEM32\sechost.dll
0x000007fefda40000 - 0x000007fefdb6d000 	C:\Windows\system32\RPCRT4.dll
0x0000000077120000 - 0x000000007721a000 	C:\Windows\system32\USER32.dll
0x000007fefd4c0000 - 0x000007fefd527000 	C:\Windows\system32\GDI32.dll
0x000007fefdfa0000 - 0x000007fefdfae000 	C:\Windows\system32\LPK.dll
0x000007fefdb70000 - 0x000007fefdc39000 	C:\Windows\system32\USP10.dll
0x000007fefb4a0000 - 0x000007fefb694000 	C:\Windows\WinSxS\amd64_microsoft.windows.common-controls_6595b64144ccf1df_6.0.7601.17514_none_fa396087175ac9ac\COMCTL32.dll
0x000007fefdc40000 - 0x000007fefdcb1000 	C:\Windows\system32\SHLWAPI.dll
0x000007fefe2a0000 - 0x000007fefe2ce000 	C:\Windows\system32\IMM32.DLL
0x000007feff060000 - 0x000007feff169000 	C:\Windows\system32\MSCTF.dll
0x00000000587f0000 - 0x00000000588c2000 	C:\Program Files\Java\jre1.8.0_25\bin\msvcr100.dll
0x000000006c520000 - 0x000000006cd7a000 	C:\Program Files\Java\jre1.8.0_25\bin\server\jvm.dll
0x000007fef76a0000 - 0x000007fef76a9000 	C:\Windows\system32\WSOCK32.dll
0x000007feff170000 - 0x000007feff1bd000 	C:\Windows\system32\WS2_32.dll
0x000007fefdcc0000 - 0x000007fefdcc8000 	C:\Windows\system32\NSI.dll
0x000007fefa690000 - 0x000007fefa6cb000 	C:\Windows\system32\WINMM.dll
0x0000000077500000 - 0x0000000077507000 	C:\Windows\system32\PSAPI.DLL
0x0000000071b80000 - 0x0000000071b8f000 	C:\Program Files\Java\jre1.8.0_25\bin\verify.dll
0x00000000706d0000 - 0x00000000706f8000 	C:\Program Files\Java\jre1.8.0_25\bin\java.dll
0x00000000706b0000 - 0x00000000706c6000 	C:\Program Files\Java\jre1.8.0_25\bin\zip.dll
0x000007fefe2d0000 - 0x000007feff058000 	C:\Windows\system32\SHELL32.dll
0x000007feff1c0000 - 0x000007feff3c3000 	C:\Windows\system32\ole32.dll
0x000007fefd100000 - 0x000007fefd10f000 	C:\Windows\system32\profapi.dll
0x0000000180000000 - 0x0000000180051000 	C:\Users\Joel\Documents\GitHub\Position-Based-Fluid\deps\lwjgl-2.9.1\native\windows\lwjgl64.dll
0x000007feec8c0000 - 0x000007feec9dd000 	C:\Windows\system32\OPENGL32.dll
0x000007fefb180000 - 0x000007fefb1ad000 	C:\Windows\system32\GLU32.dll
0x000007fefb080000 - 0x000007fefb171000 	C:\Windows\system32\DDRAW.dll
0x000007fefb3b0000 - 0x000007fefb3b8000 	C:\Windows\system32\DCIMAN32.dll
0x000007feff470000 - 0x000007feff647000 	C:\Windows\system32\SETUPAPI.dll
0x000007fefd260000 - 0x000007fefd296000 	C:\Windows\system32\CFGMGR32.dll
0x000007fefd780000 - 0x000007fefd857000 	C:\Windows\system32\OLEAUT32.dll
0x000007fefd2b0000 - 0x000007fefd2ca000 	C:\Windows\system32\DEVOBJ.dll
0x000007fefa460000 - 0x000007fefa478000 	C:\Windows\system32\dwmapi.dll
0x000007fefc1f0000 - 0x000007fefc1fc000 	C:\Windows\system32\VERSION.dll
0x000007fefac30000 - 0x000007fefac86000 	C:\Windows\system32\uxtheme.dll
0x000007fee6700000 - 0x000007fee7229000 	C:\Windows\system32\ig7icd64.dll
0x000007fefcfa0000 - 0x000007fefcfaf000 	C:\Windows\system32\CRYPTBASE.dll
0x000007fef6f30000 - 0x000007fef6fcc000 	C:\Windows\system32\mscms.dll
0x000007fefd490000 - 0x000007fefd4ae000 	C:\Windows\system32\USERENV.dll
0x000007fefb030000 - 0x000007fefb072000 	C:\Windows\system32\icm32.dll
0x000007fefb6a0000 - 0x000007fefb7c5000 	C:\Windows\system32\dbghelp.dll

VM Arguments:
jvm_args: -Djava.library.path=C:\Users\Joel\Documents\GitHub\Position-Based-Fluid\deps\lwjgl-2.9.1\native\windows;C:\Users\Joel\Documents\GitHub\Position-Based-Fluid\deps\lwjgl-2.9.1\native\windows -Dfile.encoding=Cp1252 
java_command: rendering.Renderer
java_class_path (initial): C:\Users\Joel\Documents\GitHub\Position-Based-Fluid\bin;C:\Users\Joel\Documents\GitHub\Position-Based-Fluid\deps\lwjgl-2.9.1\jar\lwjgl.jar;C:\Users\Joel\Documents\GitHub\Position-Based-Fluid\deps\lwjgl-2.9.1\jar\lwjgl_util.jar
Launcher Type: SUN_STANDARD

Environment Variables:
JAVA_HOME=C:\Program Files (x86)\Java\jre1.8.0_25
PATH=C:/Program Files/Java/jre1.8.0_25/bin/server;C:/Program Files/Java/jre1.8.0_25/bin;C:/Program Files/Java/jre1.8.0_25/lib/amd64;C:\Perl64\site\bin;C:\Perl64\bin;C:\ProgramData\Oracle\Java\javapath;C:\Windows\system32;C:\Windows;C:\Windows\System32\Wbem;C:\Windows\System32\WindowsPowerShell\v1.0\;C:\Program Files\Intel\WiFi\bin\;C:\Program Files\Common Files\Intel\WirelessCommon\;C:\Anaconda3;C:\Anaconda3\Scripts;%LUXRENDER_ROOT%;C:\Program Files\Intel\WiFi\bin\;C:\Program Files\Common Files\Intel\WirelessCommon\;C:\Users\Joel\Desktop\eclipse;
USERNAME=Joel
OS=Windows_NT
PROCESSOR_IDENTIFIER=Intel64 Family 6 Model 58 Stepping 9, GenuineIntel



---------------  S Y S T E M  ---------------

OS: Windows 7 , 64 bit Build 7601 Service Pack 1

CPU:total 4 (2 cores per cpu, 2 threads per core) family 6 model 58 stepping 9, cmov, cx8, fxsr, mmx, sse, sse2, sse3, ssse3, sse4.1, sse4.2, popcnt, avx, aes, clmul, erms, ht, tsc, tscinvbit, tscinv

Memory: 4k page, physical 4011956k(1358684k free), swap 8131732k(4131228k free)

vm_info: Java HotSpot(TM) 64-Bit Server VM (25.25-b02) for windows-amd64 JRE (1.8.0_25-b18), built on Oct  7 2014 14:25:37 by "java_re" with MS VC++ 10.0 (VS2010)

time: Mon Dec 15 04:54:28 2014
elapsed time: 0 seconds (0d 0h 0m 0s)

